0 info it worked if it ends with ok
1 verbose cli [ 'C:\\Program Files\\nodejs\\node.exe',
1 verbose cli   'C:\\Program Files\\nodejs\\node_modules\\npm\\bin\\npm-cli.js',
1 verbose cli   'run',
1 verbose cli   'version' ]
2 info using npm@3.10.10
3 info using node@v6.9.5
4 verbose run-script [ 'preversion', 'version', 'postversion' ]
5 info lifecycle js-kinesis-sdk@0.9.11~preversion: js-kinesis-sdk@0.9.11
6 silly lifecycle js-kinesis-sdk@0.9.11~preversion: no script for preversion, continuing
7 info lifecycle js-kinesis-sdk@0.9.11~version: js-kinesis-sdk@0.9.11
8 verbose lifecycle js-kinesis-sdk@0.9.11~version: unsafe-perm in lifecycle true
9 verbose lifecycle js-kinesis-sdk@0.9.11~version: PATH: C:\Users\LeewayHertz\AppData\Roaming\nvm\v6.9.5\node_modules\npm\bin\node-gyp-bin;D:\LeewayHertz\js-kinesis-sdk\node_modules\.bin;C:\WINDOWS\system32;C:\WINDOWS;C:\WINDOWS\System32\Wbem;C:\WINDOWS\System32\WindowsPowerShell\v1.0\;C:\WINDOWS\System32\OpenSSH\;C:\Program Files\Microsoft SQL Server\130\Tools\Binn\;C:\Program Files\Microsoft SQL Server\Client SDK\ODBC\170\Tools\Binn\;C:\Program Files\Java\jdk-14.0.2\bin;C:\Program Files (x86)\Microsoft SQL Server\150\Tools\Binn\;C:\Program Files\Microsoft SQL Server\150\Tools\Binn\;C:\Program Files\Microsoft SQL Server\150\DTS\Binn\;C:\Program Files (x86)\Microsoft SQL Server\150\DTS\Binn\;C:\Program Files\MySQL\MySQL Server 8.0\bin;C:\Program Files\Git\cmd;C:\cygwin64\bin;C:\Program Files\Amazon\AWSCLIV2\;C:\Program Files\dotnet\;C:\Program Files\Docker\Docker\resources\bin;C:\ProgramData\DockerDesktop\version-bin;%NVM_HOME%;%NVM_SYMLINK%;C:\Users\LeewayHertz\.windows-build-tools\python27\;C:\Users\LeewayHertz\AppData\Local\Programs\Python\Python39\Scripts\;C:\Users\LeewayHertz\AppData\Local\Programs\Python\Python39\;C:\Users\LeewayHertz\scoop\shims;C:\Users\LeewayHertz\AppData\Local\Microsoft\WindowsApps;C:\Users\LeewayHertz\AppData\Local\Programs\Microsoft VS Code\bin;C:\Users\LeewayHertz\AppData\Local\Programs\Python\Python39\Scripts;C:\Users\LeewayHertz\.dotnet\tools;C:\MinGW\msys\1.0\bin;C:\Users\LeewayHertz\Downloads\curl-7.73.0_5-win64-mingw\curl-7.73.0_5-win64-mingw\bin;C:\Program Files\PostgreSQL\9.5\bin;C:\Users\LeewayHertz\.dotnet\tools;C:\Users\LeewayHertz\AppData\Roaming\nvm;C:\Program Files\nodejs
10 verbose lifecycle js-kinesis-sdk@0.9.11~version: CWD: D:\LeewayHertz\js-kinesis-sdk
11 silly lifecycle js-kinesis-sdk@0.9.11~version: Args: [ '/d /s /c', 'gulp build' ]
12 silly lifecycle js-kinesis-sdk@0.9.11~version: Returned: code: 0  signal: null
13 info lifecycle js-kinesis-sdk@0.9.11~postversion: js-kinesis-sdk@0.9.11
14 verbose lifecycle js-kinesis-sdk@0.9.11~postversion: unsafe-perm in lifecycle true
15 verbose lifecycle js-kinesis-sdk@0.9.11~postversion: PATH: C:\Users\LeewayHertz\AppData\Roaming\nvm\v6.9.5\node_modules\npm\bin\node-gyp-bin;D:\LeewayHertz\js-kinesis-sdk\node_modules\.bin;C:\WINDOWS\system32;C:\WINDOWS;C:\WINDOWS\System32\Wbem;C:\WINDOWS\System32\WindowsPowerShell\v1.0\;C:\WINDOWS\System32\OpenSSH\;C:\Program Files\Microsoft SQL Server\130\Tools\Binn\;C:\Program Files\Microsoft SQL Server\Client SDK\ODBC\170\Tools\Binn\;C:\Program Files\Java\jdk-14.0.2\bin;C:\Program Files (x86)\Microsoft SQL Server\150\Tools\Binn\;C:\Program Files\Microsoft SQL Server\150\Tools\Binn\;C:\Program Files\Microsoft SQL Server\150\DTS\Binn\;C:\Program Files (x86)\Microsoft SQL Server\150\DTS\Binn\;C:\Program Files\MySQL\MySQL Server 8.0\bin;C:\Program Files\Git\cmd;C:\cygwin64\bin;C:\Program Files\Amazon\AWSCLIV2\;C:\Program Files\dotnet\;C:\Program Files\Docker\Docker\resources\bin;C:\ProgramData\DockerDesktop\version-bin;%NVM_HOME%;%NVM_SYMLINK%;C:\Users\LeewayHertz\.windows-build-tools\python27\;C:\Users\LeewayHertz\AppData\Local\Programs\Python\Python39\Scripts\;C:\Users\LeewayHertz\AppData\Local\Programs\Python\Python39\;C:\Users\LeewayHertz\scoop\shims;C:\Users\LeewayHertz\AppData\Local\Microsoft\WindowsApps;C:\Users\LeewayHertz\AppData\Local\Programs\Microsoft VS Code\bin;C:\Users\LeewayHertz\AppData\Local\Programs\Python\Python39\Scripts;C:\Users\LeewayHertz\.dotnet\tools;C:\MinGW\msys\1.0\bin;C:\Users\LeewayHertz\Downloads\curl-7.73.0_5-win64-mingw\curl-7.73.0_5-win64-mingw\bin;C:\Program Files\PostgreSQL\9.5\bin;C:\Users\LeewayHertz\.dotnet\tools;C:\Users\LeewayHertz\AppData\Roaming\nvm;C:\Program Files\nodejs
16 verbose lifecycle js-kinesis-sdk@0.9.11~postversion: CWD: D:\LeewayHertz\js-kinesis-sdk
17 silly lifecycle js-kinesis-sdk@0.9.11~postversion: Args: [ '/d /s /c', 'git push && git push --tags' ]
18 silly lifecycle js-kinesis-sdk@0.9.11~postversion: Returned: code: 1  signal: null
19 info lifecycle js-kinesis-sdk@0.9.11~postversion: Failed to exec postversion script
20 verbose stack Error: js-kinesis-sdk@0.9.11 postversion: `git push && git push --tags`
20 verbose stack Exit status 1
20 verbose stack     at EventEmitter.<anonymous> (C:\Users\LeewayHertz\AppData\Roaming\nvm\v6.9.5\node_modules\npm\lib\utils\lifecycle.js:255:16)
20 verbose stack     at emitTwo (events.js:106:13)
20 verbose stack     at EventEmitter.emit (events.js:191:7)
20 verbose stack     at ChildProcess.<anonymous> (C:\Users\LeewayHertz\AppData\Roaming\nvm\v6.9.5\node_modules\npm\lib\utils\spawn.js:40:14)
20 verbose stack     at emitTwo (events.js:106:13)
20 verbose stack     at ChildProcess.emit (events.js:191:7)
20 verbose stack     at maybeClose (internal/child_process.js:877:16)
20 verbose stack     at Process.ChildProcess._handle.onexit (internal/child_process.js:226:5)
21 verbose pkgid js-kinesis-sdk@0.9.11
22 verbose cwd D:\LeewayHertz\js-kinesis-sdk
23 error Windows_NT 10.0.19042
24 error argv "C:\\Program Files\\nodejs\\node.exe" "C:\\Program Files\\nodejs\\node_modules\\npm\\bin\\npm-cli.js" "run" "version"
25 error node v6.9.5
26 error npm  v3.10.10
27 error code ELIFECYCLE
28 error js-kinesis-sdk@0.9.11 postversion: `git push && git push --tags`
28 error Exit status 1
29 error Failed at the js-kinesis-sdk@0.9.11 postversion script 'git push && git push --tags'.
29 error Make sure you have the latest version of node.js and npm installed.
29 error If you do, this is most likely a problem with the js-kinesis-sdk package,
29 error not with npm itself.
29 error Tell the author that this fails on your system:
29 error     git push && git push --tags
29 error You can get information on how to open an issue for this project with:
29 error     npm bugs js-kinesis-sdk
29 error Or if that isn't available, you can get their info via:
29 error     npm owner ls js-kinesis-sdk
29 error There is likely additional logging output above.
30 verbose exit [ 1, true ]
